Analysis & Synthesis report for DE1_SoC
Wed Nov 23 14:08:50 2022
Quartus Prime Version 17.0.0 Build 595 04/25/2017 SJ Lite Edition


---------------------
; Table of Contents ;
---------------------
  1. Legal Notice
  2. Analysis & Synthesis Summary
  3. Analysis & Synthesis Settings
  4. Parallel Compilation
  5. Analysis & Synthesis Source Files Read
  6. Analysis & Synthesis Resource Usage Summary
  7. Analysis & Synthesis Resource Utilization by Entity
  8. General Register Statistics
  9. Post-Synthesis Netlist Statistics for Top Partition
 10. Elapsed Time Per Partition
 11. Analysis & Synthesis Messages
 12. Analysis & Synthesis Suppressed Messages



----------------
; Legal Notice ;
----------------
Copyright (C) 2017  Intel Corporation. All rights reserved.
Your use of Intel Corporation's design tools, logic functions 
and other software and tools, and its AMPP partner logic 
functions, and any output files from any of the foregoing 
(including device programming or simulation files), and any 
associated documentation or information are expressly subject 
to the terms and conditions of the Intel Program License 
Subscription Agreement, the Intel Quartus Prime License Agreement,
the Intel MegaCore Function License Agreement, or other 
applicable license agreement, including, without limitation, 
that your use is for the sole purpose of programming logic 
devices manufactured by Intel and sold by Intel or its 
authorized distributors.  Please refer to the applicable 
agreement for further details.



+-------------------------------------------------------------------------------+
; Analysis & Synthesis Summary                                                  ;
+---------------------------------+---------------------------------------------+
; Analysis & Synthesis Status     ; Successful - Wed Nov 23 14:08:50 2022       ;
; Quartus Prime Version           ; 17.0.0 Build 595 04/25/2017 SJ Lite Edition ;
; Revision Name                   ; DE1_SoC                                     ;
; Top-level Entity Name           ; instructmem                                 ;
; Family                          ; Cyclone V                                   ;
; Logic utilization (in ALMs)     ; N/A                                         ;
; Total registers                 ; 0                                           ;
; Total pins                      ; 97                                          ;
; Total virtual pins              ; 0                                           ;
; Total block memory bits         ; 0                                           ;
; Total DSP Blocks                ; 0                                           ;
; Total HSSI RX PCSs              ; 0                                           ;
; Total HSSI PMA RX Deserializers ; 0                                           ;
; Total HSSI TX PCSs              ; 0                                           ;
; Total HSSI PMA TX Serializers   ; 0                                           ;
; Total PLLs                      ; 0                                           ;
; Total DLLs                      ; 0                                           ;
+---------------------------------+---------------------------------------------+


+---------------------------------------------------------------------------------------------------------------------------+
; Analysis & Synthesis Settings                                                                                             ;
+---------------------------------------------------------------------------------+--------------------+--------------------+
; Option                                                                          ; Setting            ; Default Value      ;
+---------------------------------------------------------------------------------+--------------------+--------------------+
; Device                                                                          ; 5CSEMA5F31C6       ;                    ;
; Top-level entity name                                                           ; instructmem        ; DE1_SoC            ;
; Family name                                                                     ; Cyclone V          ; Cyclone V          ;
; State Machine Processing                                                        ; User-Encoded       ; Auto               ;
; Use smart compilation                                                           ; Off                ; Off                ;
; Enable parallel Assembler and TimeQuest Timing Analyzer during compilation      ; On                 ; On                 ;
; Enable compact report table                                                     ; Off                ; Off                ;
; Restructure Multiplexers                                                        ; Auto               ; Auto               ;
; MLAB Add Timing Constraints For Mixed-Port Feed-Through Mode Setting Don't Care ; Off                ; Off                ;
; Create Debugging Nodes for IP Cores                                             ; Off                ; Off                ;
; Preserve fewer node names                                                       ; On                 ; On                 ;
; OpenCore Plus hardware evaluation                                               ; Enable             ; Enable             ;
; Verilog Version                                                                 ; Verilog_2001       ; Verilog_2001       ;
; VHDL Version                                                                    ; VHDL_1993          ; VHDL_1993          ;
; Safe State Machine                                                              ; Off                ; Off                ;
; Extract Verilog State Machines                                                  ; On                 ; On                 ;
; Extract VHDL State Machines                                                     ; On                 ; On                 ;
; Ignore Verilog initial constructs                                               ; Off                ; Off                ;
; Iteration limit for constant Verilog loops                                      ; 5000               ; 5000               ;
; Iteration limit for non-constant Verilog loops                                  ; 250                ; 250                ;
; Add Pass-Through Logic to Inferred RAMs                                         ; On                 ; On                 ;
; Infer RAMs from Raw Logic                                                       ; On                 ; On                 ;
; Parallel Synthesis                                                              ; On                 ; On                 ;
; DSP Block Balancing                                                             ; Auto               ; Auto               ;
; NOT Gate Push-Back                                                              ; On                 ; On                 ;
; Power-Up Don't Care                                                             ; On                 ; On                 ;
; Remove Redundant Logic Cells                                                    ; Off                ; Off                ;
; Remove Duplicate Registers                                                      ; On                 ; On                 ;
; Ignore CARRY Buffers                                                            ; Off                ; Off                ;
; Ignore CASCADE Buffers                                                          ; Off                ; Off                ;
; Ignore GLOBAL Buffers                                                           ; Off                ; Off                ;
; Ignore ROW GLOBAL Buffers                                                       ; Off                ; Off                ;
; Ignore LCELL Buffers                                                            ; Off                ; Off                ;
; Ignore SOFT Buffers                                                             ; On                 ; On                 ;
; Limit AHDL Integers to 32 Bits                                                  ; Off                ; Off                ;
; Optimization Technique                                                          ; Balanced           ; Balanced           ;
; Carry Chain Length                                                              ; 70                 ; 70                 ;
; Auto Carry Chains                                                               ; On                 ; On                 ;
; Auto Open-Drain Pins                                                            ; On                 ; On                 ;
; Perform WYSIWYG Primitive Resynthesis                                           ; Off                ; Off                ;
; Auto ROM Replacement                                                            ; On                 ; On                 ;
; Auto RAM Replacement                                                            ; On                 ; On                 ;
; Auto DSP Block Replacement                                                      ; On                 ; On                 ;
; Auto Shift Register Replacement                                                 ; Auto               ; Auto               ;
; Allow Shift Register Merging across Hierarchies                                 ; Auto               ; Auto               ;
; Auto Clock Enable Replacement                                                   ; On                 ; On                 ;
; Strict RAM Replacement                                                          ; Off                ; Off                ;
; Allow Synchronous Control Signals                                               ; On                 ; On                 ;
; Force Use of Synchronous Clear Signals                                          ; Off                ; Off                ;
; Auto Resource Sharing                                                           ; Off                ; Off                ;
; Allow Any RAM Size For Recognition                                              ; Off                ; Off                ;
; Allow Any ROM Size For Recognition                                              ; Off                ; Off                ;
; Allow Any Shift Register Size For Recognition                                   ; Off                ; Off                ;
; Use LogicLock Constraints during Resource Balancing                             ; On                 ; On                 ;
; Ignore translate_off and synthesis_off directives                               ; Off                ; Off                ;
; Timing-Driven Synthesis                                                         ; On                 ; On                 ;
; Report Parameter Settings                                                       ; On                 ; On                 ;
; Report Source Assignments                                                       ; On                 ; On                 ;
; Report Connectivity Checks                                                      ; On                 ; On                 ;
; Ignore Maximum Fan-Out Assignments                                              ; Off                ; Off                ;
; Synchronization Register Chain Length                                           ; 3                  ; 3                  ;
; PowerPlay Power Optimization During Synthesis                                   ; Normal compilation ; Normal compilation ;
; HDL message level                                                               ; Level2             ; Level2             ;
; Suppress Register Optimization Related Messages                                 ; Off                ; Off                ;
; Number of Removed Registers Reported in Synthesis Report                        ; 5000               ; 5000               ;
; Number of Swept Nodes Reported in Synthesis Report                              ; 5000               ; 5000               ;
; Number of Inverted Registers Reported in Synthesis Report                       ; 100                ; 100                ;
; Clock MUX Protection                                                            ; On                 ; On                 ;
; Auto Gated Clock Conversion                                                     ; Off                ; Off                ;
; Block Design Naming                                                             ; Auto               ; Auto               ;
; SDC constraint protection                                                       ; Off                ; Off                ;
; Synthesis Effort                                                                ; Auto               ; Auto               ;
; Shift Register Replacement - Allow Asynchronous Clear Signal                    ; On                 ; On                 ;
; Pre-Mapping Resynthesis Optimization                                            ; Off                ; Off                ;
; Analysis & Synthesis Message Level                                              ; Medium             ; Medium             ;
; Disable Register Merging Across Hierarchies                                     ; Auto               ; Auto               ;
; Resource Aware Inference For Block RAM                                          ; On                 ; On                 ;
; Automatic Parallel Synthesis                                                    ; On                 ; On                 ;
; Partial Reconfiguration Bitstream ID                                            ; Off                ; Off                ;
+---------------------------------------------------------------------------------+--------------------+--------------------+


+------------------------------------------+
; Parallel Compilation                     ;
+----------------------------+-------------+
; Processors                 ; Number      ;
+----------------------------+-------------+
; Number detected on machine ; 20          ;
; Maximum allowed            ; 10          ;
;                            ;             ;
; Average used               ; 1.00        ;
; Maximum used               ; 1           ;
;                            ;             ;
; Usage by Processor         ; % Time Used ;
;     Processor 1            ; 100.0%      ;
+----------------------------+-------------+


+------------------------------------------------------------------------------------------------------------------------------------------------------------------------------------------------+
; Analysis & Synthesis Source Files Read                                                                                                                                                         ;
+------------------------------------------------------------+-----------------+------------------------------+------------------------------------------------------------------------+---------+
; File Name with User-Entered Path                           ; Used in Netlist ; File Type                    ; File Name with Absolute Path                                           ; Library ;
+------------------------------------------------------------+-----------------+------------------------------+------------------------------------------------------------------------+---------+
; instructmem.sv                                             ; yes             ; User SystemVerilog HDL File  ; C:/Users/Alan/iCloudDrive/Documents/UW/EE469/Lab3_files/instructmem.sv ;         ;
; /users/alan/desktop/lab3_files/benchmarks/test01_addib.arm ; yes             ; Auto-Found Unspecified File  ; /users/alan/desktop/lab3_files/benchmarks/test01_addib.arm             ;         ;
+------------------------------------------------------------+-----------------+------------------------------+------------------------------------------------------------------------+---------+


+----------------------------------------------------------------+
; Analysis & Synthesis Resource Usage Summary                    ;
+---------------------------------------------+------------------+
; Resource                                    ; Usage            ;
+---------------------------------------------+------------------+
; Estimate of Logic utilization (ALMs needed) ; 10               ;
;                                             ;                  ;
; Combinational ALUT usage for logic          ; 19               ;
;     -- 7 input functions                    ; 0                ;
;     -- 6 input functions                    ; 0                ;
;     -- 5 input functions                    ; 5                ;
;     -- 4 input functions                    ; 9                ;
;     -- <=3 input functions                  ; 5                ;
;                                             ;                  ;
; Dedicated logic registers                   ; 0                ;
;                                             ;                  ;
; I/O pins                                    ; 97               ;
;                                             ;                  ;
; Total DSP Blocks                            ; 0                ;
;                                             ;                  ;
; Maximum fan-out node                        ; address[2]~input ;
; Maximum fan-out                             ; 12               ;
; Total fan-out                               ; 185              ;
; Average fan-out                             ; 0.87             ;
+---------------------------------------------+------------------+


+----------------------------------------------------------------------------------------------------------------------------------------------------------------------------------------+
; Analysis & Synthesis Resource Utilization by Entity                                                                                                                                    ;
+----------------------------+---------------------+---------------------------+-------------------+------------+------+--------------+---------------------+-------------+--------------+
; Compilation Hierarchy Node ; Combinational ALUTs ; Dedicated Logic Registers ; Block Memory Bits ; DSP Blocks ; Pins ; Virtual Pins ; Full Hierarchy Name ; Entity Name ; Library Name ;
+----------------------------+---------------------+---------------------------+-------------------+------------+------+--------------+---------------------+-------------+--------------+
; |instructmem               ; 19 (19)             ; 0 (0)                     ; 0                 ; 0          ; 97   ; 0            ; |instructmem        ; instructmem ; work         ;
+----------------------------+---------------------+---------------------------+-------------------+------------+------+--------------+---------------------+-------------+--------------+
Note: For table entries with two numbers listed, the numbers in parentheses indicate the number of resources of the given type used by the specific entity alone. The numbers listed outside of parentheses indicate the total resources of the given type used by the specific entity and all of its sub-entities in the hierarchy.


+------------------------------------------------------+
; General Register Statistics                          ;
+----------------------------------------------+-------+
; Statistic                                    ; Value ;
+----------------------------------------------+-------+
; Total registers                              ; 0     ;
; Number of registers using Synchronous Clear  ; 0     ;
; Number of registers using Synchronous Load   ; 0     ;
; Number of registers using Asynchronous Clear ; 0     ;
; Number of registers using Asynchronous Load  ; 0     ;
; Number of registers using Clock Enable       ; 0     ;
; Number of registers using Preset             ; 0     ;
+----------------------------------------------+-------+


+-----------------------------------------------------+
; Post-Synthesis Netlist Statistics for Top Partition ;
+-----------------------+-----------------------------+
; Type                  ; Count                       ;
+-----------------------+-----------------------------+
; arriav_lcell_comb     ; 21                          ;
;     normal            ; 21                          ;
;         0 data inputs ; 1                           ;
;         1 data inputs ; 1                           ;
;         2 data inputs ; 5                           ;
;         4 data inputs ; 9                           ;
;         5 data inputs ; 5                           ;
; boundary_port         ; 97                          ;
;                       ;                             ;
; Max LUT depth         ; 3.00                        ;
; Average LUT depth     ; 2.17                        ;
+-----------------------+-----------------------------+


+-------------------------------+
; Elapsed Time Per Partition    ;
+----------------+--------------+
; Partition Name ; Elapsed Time ;
+----------------+--------------+
; Top            ; 00:00:00     ;
+----------------+--------------+


+-------------------------------+
; Analysis & Synthesis Messages ;
+-------------------------------+
Info: *******************************************************************
Info: Running Quartus Prime Analysis & Synthesis
    Info: Version 17.0.0 Build 595 04/25/2017 SJ Lite Edition
    Info: Processing started: Wed Nov 23 14:08:42 2022
Info: Command: quartus_map --read_settings_files=on --write_settings_files=off DE1_SoC -c DE1_SoC
Info (20030): Parallel compilation is enabled and will use 10 of the 10 processors detected
Info (12021): Found 1 design units, including 1 entities, in source file sscpu.sv
    Info (12023): Found entity 1: SSCPU File: C:/Users/Alan/iCloudDrive/Documents/UW/EE469/Lab3_files/SSCPU.sv Line: 5
Info (12021): Found 1 design units, including 1 entities, in source file controller.sv
    Info (12023): Found entity 1: controller File: C:/Users/Alan/iCloudDrive/Documents/UW/EE469/Lab3_files/controller.sv Line: 3
Info (12021): Found 1 design units, including 1 entities, in source file regfile.sv
    Info (12023): Found entity 1: regfile File: C:/Users/Alan/iCloudDrive/Documents/UW/EE469/Lab3_files/regfile.sv Line: 3
Info (12021): Found 2 design units, including 2 entities, in source file mux32_1.sv
    Info (12023): Found entity 1: mux32_1 File: C:/Users/Alan/iCloudDrive/Documents/UW/EE469/Lab3_files/mux32_1.sv Line: 2
    Info (12023): Found entity 2: mux32_1_testbench File: C:/Users/Alan/iCloudDrive/Documents/UW/EE469/Lab3_files/mux32_1.sv Line: 16
Info (12021): Found 2 design units, including 2 entities, in source file mux16_1.sv
    Info (12023): Found entity 1: mux16_1 File: C:/Users/Alan/iCloudDrive/Documents/UW/EE469/Lab3_files/mux16_1.sv Line: 2
    Info (12023): Found entity 2: mux16_1_testbench File: C:/Users/Alan/iCloudDrive/Documents/UW/EE469/Lab3_files/mux16_1.sv Line: 16
Info (12021): Found 2 design units, including 2 entities, in source file mux8_1.sv
    Info (12023): Found entity 1: mux8_1 File: C:/Users/Alan/iCloudDrive/Documents/UW/EE469/Lab3_files/mux8_1.sv Line: 3
    Info (12023): Found entity 2: mux8_1_testbench File: C:/Users/Alan/iCloudDrive/Documents/UW/EE469/Lab3_files/mux8_1.sv Line: 15
Info (12021): Found 2 design units, including 2 entities, in source file mux4_1.sv
    Info (12023): Found entity 1: mux4_1 File: C:/Users/Alan/iCloudDrive/Documents/UW/EE469/Lab3_files/mux4_1.sv Line: 3
    Info (12023): Found entity 2: mux4_1_testbench File: C:/Users/Alan/iCloudDrive/Documents/UW/EE469/Lab3_files/mux4_1.sv Line: 15
Info (12021): Found 2 design units, including 2 entities, in source file mux2_1.sv
    Info (12023): Found entity 1: mux2_1 File: C:/Users/Alan/iCloudDrive/Documents/UW/EE469/Lab3_files/mux2_1.sv Line: 3
    Info (12023): Found entity 2: mux2_1_testbench File: C:/Users/Alan/iCloudDrive/Documents/UW/EE469/Lab3_files/mux2_1.sv Line: 18
Info (12021): Found 1 design units, including 1 entities, in source file mux2_1p.sv
    Info (12023): Found entity 1: mux2_1p File: C:/Users/Alan/iCloudDrive/Documents/UW/EE469/Lab3_files/mux2_1p.sv Line: 1
Info (12021): Found 2 design units, including 2 entities, in source file decoder32_5.sv
    Info (12023): Found entity 1: Decoder32_5 File: C:/Users/Alan/iCloudDrive/Documents/UW/EE469/Lab3_files/Decoder32_5.sv Line: 2
    Info (12023): Found entity 2: Decoder32_5_testbench File: C:/Users/Alan/iCloudDrive/Documents/UW/EE469/Lab3_files/Decoder32_5.sv Line: 29
Info (12021): Found 2 design units, including 2 entities, in source file decoder8_3.sv
    Info (12023): Found entity 1: Decoder8_3 File: C:/Users/Alan/iCloudDrive/Documents/UW/EE469/Lab3_files/Decoder8_3.sv Line: 2
    Info (12023): Found entity 2: Decoder8_3_testbench File: C:/Users/Alan/iCloudDrive/Documents/UW/EE469/Lab3_files/Decoder8_3.sv Line: 25
Info (12021): Found 1 design units, including 1 entities, in source file d_ff.sv
    Info (12023): Found entity 1: D_FF File: C:/Users/Alan/iCloudDrive/Documents/UW/EE469/Lab3_files/D_FF.sv Line: 1
Info (12021): Found 1 design units, including 1 entities, in source file oneregister.sv
    Info (12023): Found entity 1: oneRegister File: C:/Users/Alan/iCloudDrive/Documents/UW/EE469/Lab3_files/oneRegister.sv Line: 1
Info (12021): Found 2 design units, including 2 entities, in source file instructmem.sv
    Info (12023): Found entity 1: instructmem File: C:/Users/Alan/iCloudDrive/Documents/UW/EE469/Lab3_files/instructmem.sv Line: 17
    Info (12023): Found entity 2: instructmem_testbench File: C:/Users/Alan/iCloudDrive/Documents/UW/EE469/Lab3_files/instructmem.sv Line: 57
Info (12021): Found 2 design units, including 2 entities, in source file datamem.sv
    Info (12023): Found entity 1: datamem File: C:/Users/Alan/iCloudDrive/Documents/UW/EE469/Lab3_files/datamem.sv Line: 12
    Info (12023): Found entity 2: datamem_testbench File: C:/Users/Alan/iCloudDrive/Documents/UW/EE469/Lab3_files/datamem.sv Line: 70
Info (12021): Found 1 design units, including 1 entities, in source file adder32.sv
    Info (12023): Found entity 1: Adder32 File: C:/Users/Alan/iCloudDrive/Documents/UW/EE469/Lab3_files/Adder32.sv Line: 1
Info (12021): Found 1 design units, including 1 entities, in source file full_adder.sv
    Info (12023): Found entity 1: full_Adder File: C:/Users/Alan/iCloudDrive/Documents/UW/EE469/Lab3_files/full_Adder.sv Line: 5
Info (12021): Found 2 design units, including 2 entities, in source file adder_subtracter.sv
    Info (12023): Found entity 1: adder_subtracter File: C:/Users/Alan/iCloudDrive/Documents/UW/EE469/Lab3_files/adder_subtracter.sv Line: 7
    Info (12023): Found entity 2: adder_subtracter_testbench File: C:/Users/Alan/iCloudDrive/Documents/UW/EE469/Lab3_files/adder_subtracter.sv Line: 42
Info (12021): Found 1 design units, including 1 entities, in source file alu.sv
    Info (12023): Found entity 1: alu File: C:/Users/Alan/iCloudDrive/Documents/UW/EE469/Lab3_files/alu.sv Line: 20
Info (12021): Found 1 design units, including 1 entities, in source file ze12_64.sv
    Info (12023): Found entity 1: ZE12_64 File: C:/Users/Alan/iCloudDrive/Documents/UW/EE469/Lab3_files/ZE12_64.sv Line: 2
Info (12021): Found 1 design units, including 1 entities, in source file se9_64.sv
    Info (12023): Found entity 1: SE9_64 File: C:/Users/Alan/iCloudDrive/Documents/UW/EE469/Lab3_files/SE9_64.sv Line: 2
Info (12021): Found 1 design units, including 1 entities, in source file condcheck.sv
    Info (12023): Found entity 1: condCheck File: C:/Users/Alan/iCloudDrive/Documents/UW/EE469/Lab3_files/condCheck.sv Line: 2
Info (12021): Found 1 design units, including 1 entities, in source file shifterp.sv
    Info (12023): Found entity 1: shifterP File: C:/Users/Alan/iCloudDrive/Documents/UW/EE469/Lab3_files/shifterP.sv Line: 2
Info (12021): Found 1 design units, including 1 entities, in source file reg_p.sv
    Info (12023): Found entity 1: reg_p File: C:/Users/Alan/iCloudDrive/Documents/UW/EE469/Lab3_files/reg_p.sv Line: 2
Info (12021): Found 1 design units, including 1 entities, in source file ssapustim.sv
    Info (12023): Found entity 1: SSAPUstim File: C:/Users/Alan/iCloudDrive/Documents/UW/EE469/Lab3_files/SSAPUstim.sv Line: 5
Info (12127): Elaborating entity "instructmem" for the top level hierarchy
Warning (10175): Verilog HDL warning at instructmem.sv(24): ignoring unsupported system task File: C:/Users/Alan/iCloudDrive/Documents/UW/EE469/Lab3_files/instructmem.sv Line: 24
Warning (10850): Verilog HDL warning at instructmem.sv(42): number of words (7) in memory file does not match the number of elements in the address range [0:255] File: C:/Users/Alan/iCloudDrive/Documents/UW/EE469/Lab3_files/instructmem.sv Line: 42
Info (10648): Verilog HDL Display System Task info at instructmem.sv(43): Running benchmark:  File: C:/Users/Alan/iCloudDrive/Documents/UW/EE469/Lab3_files/instructmem.sv Line: 43
Info (276014): Found 1 instances of uninferred RAM logic
    Info (276007): RAM logic "mem" is uninferred due to asynchronous read logic File: C:/Users/Alan/iCloudDrive/Documents/UW/EE469/Lab3_files/instructmem.sv Line: 38
Warning (127007): Memory Initialization File or Hexadecimal (Intel-Format) File "C:/Users/Alan/iCloudDrive/Documents/UW/EE469/Lab3_files/db/DE1_SoC.ram0_instructmem_2c6c8ccb.hdl.mif" contains "don't care" values -- overwriting them with 0s
Info (286030): Timing-Driven Synthesis is running
Info (144001): Generated suppressed messages file C:/Users/Alan/iCloudDrive/Documents/UW/EE469/Lab3_files/output_files/DE1_SoC.map.smsg
Info (16010): Generating hard_block partition "hard_block:auto_generated_inst"
    Info (16011): Adding 0 node(s), including 0 DDIO, 0 PLL, 0 transceiver and 0 LCELL
Info (21057): Implemented 116 device resources after synthesis - the final resource count might be different
    Info (21058): Implemented 65 input pins
    Info (21059): Implemented 32 output pins
    Info (21061): Implemented 19 logic cells
Info: Quartus Prime Analysis & Synthesis was successful. 0 errors, 3 warnings
    Info: Peak virtual memory: 4838 megabytes
    Info: Processing ended: Wed Nov 23 14:08:50 2022
    Info: Elapsed time: 00:00:08
    Info: Total CPU time (on all processors): 00:00:06


+------------------------------------------+
; Analysis & Synthesis Suppressed Messages ;
+------------------------------------------+
The suppressed messages can be found in C:/Users/Alan/iCloudDrive/Documents/UW/EE469/Lab3_files/output_files/DE1_SoC.map.smsg.


