Analysis & Synthesis report for DE1_SoC
Wed Dec 07 14:36:41 2022
Quartus Prime Version 17.0.0 Build 595 04/25/2017 SJ Lite Edition


---------------------
; Table of Contents ;
---------------------
  1. Legal Notice
  2. Analysis & Synthesis Summary
  3. Analysis & Synthesis Settings
  4. Parallel Compilation
  5. Analysis & Synthesis Messages
  6. Analysis & Synthesis Suppressed Messages



----------------
; Legal Notice ;
----------------
Copyright (C) 2017  Intel Corporation. All rights reserved.
Your use of Intel Corporation's design tools, logic functions 
and other software and tools, and its AMPP partner logic 
functions, and any output files from any of the foregoing 
(including device programming or simulation files), and any 
associated documentation or information are expressly subject 
to the terms and conditions of the Intel Program License 
Subscription Agreement, the Intel Quartus Prime License Agreement,
the Intel MegaCore Function License Agreement, or other 
applicable license agreement, including, without limitation, 
that your use is for the sole purpose of programming logic 
devices manufactured by Intel and sold by Intel or its 
authorized distributors.  Please refer to the applicable 
agreement for further details.



+---------------------------------------------------------------------------+
; Analysis & Synthesis Summary                                              ;
+-----------------------------+---------------------------------------------+
; Analysis & Synthesis Status ; Failed - Wed Dec 07 14:36:41 2022           ;
; Quartus Prime Version       ; 17.0.0 Build 595 04/25/2017 SJ Lite Edition ;
; Revision Name               ; DE1_SoC                                     ;
; Top-level Entity Name       ; SSCPU                                       ;
; Family                      ; Cyclone V                                   ;
; Logic utilization (in ALMs) ; N/A until Partition Merge                   ;
; Total registers             ; N/A until Partition Merge                   ;
; Total pins                  ; N/A until Partition Merge                   ;
; Total virtual pins          ; N/A until Partition Merge                   ;
; Total block memory bits     ; N/A until Partition Merge                   ;
; Total PLLs                  ; N/A until Partition Merge                   ;
; Total DLLs                  ; N/A until Partition Merge                   ;
+-----------------------------+---------------------------------------------+


+---------------------------------------------------------------------------------------------------------------------------+
; Analysis & Synthesis Settings                                                                                             ;
+---------------------------------------------------------------------------------+--------------------+--------------------+
; Option                                                                          ; Setting            ; Default Value      ;
+---------------------------------------------------------------------------------+--------------------+--------------------+
; Device                                                                          ; 5CSEMA5F31C6       ;                    ;
; Top-level entity name                                                           ; SSCPU              ; DE1_SoC            ;
; Family name                                                                     ; Cyclone V          ; Cyclone V          ;
; State Machine Processing                                                        ; User-Encoded       ; Auto               ;
; Use smart compilation                                                           ; Off                ; Off                ;
; Enable parallel Assembler and TimeQuest Timing Analyzer during compilation      ; On                 ; On                 ;
; Enable compact report table                                                     ; Off                ; Off                ;
; Restructure Multiplexers                                                        ; Auto               ; Auto               ;
; MLAB Add Timing Constraints For Mixed-Port Feed-Through Mode Setting Don't Care ; Off                ; Off                ;
; Create Debugging Nodes for IP Cores                                             ; Off                ; Off                ;
; Preserve fewer node names                                                       ; On                 ; On                 ;
; OpenCore Plus hardware evaluation                                               ; Enable             ; Enable             ;
; Verilog Version                                                                 ; Verilog_2001       ; Verilog_2001       ;
; VHDL Version                                                                    ; VHDL_1993          ; VHDL_1993          ;
; Safe State Machine                                                              ; Off                ; Off                ;
; Extract Verilog State Machines                                                  ; On                 ; On                 ;
; Extract VHDL State Machines                                                     ; On                 ; On                 ;
; Ignore Verilog initial constructs                                               ; Off                ; Off                ;
; Iteration limit for constant Verilog loops                                      ; 5000               ; 5000               ;
; Iteration limit for non-constant Verilog loops                                  ; 250                ; 250                ;
; Add Pass-Through Logic to Inferred RAMs                                         ; On                 ; On                 ;
; Infer RAMs from Raw Logic                                                       ; On                 ; On                 ;
; Parallel Synthesis                                                              ; On                 ; On                 ;
; DSP Block Balancing                                                             ; Auto               ; Auto               ;
; NOT Gate Push-Back                                                              ; On                 ; On                 ;
; Power-Up Don't Care                                                             ; On                 ; On                 ;
; Remove Redundant Logic Cells                                                    ; Off                ; Off                ;
; Remove Duplicate Registers                                                      ; On                 ; On                 ;
; Ignore CARRY Buffers                                                            ; Off                ; Off                ;
; Ignore CASCADE Buffers                                                          ; Off                ; Off                ;
; Ignore GLOBAL Buffers                                                           ; Off                ; Off                ;
; Ignore ROW GLOBAL Buffers                                                       ; Off                ; Off                ;
; Ignore LCELL Buffers                                                            ; Off                ; Off                ;
; Ignore SOFT Buffers                                                             ; On                 ; On                 ;
; Limit AHDL Integers to 32 Bits                                                  ; Off                ; Off                ;
; Optimization Technique                                                          ; Balanced           ; Balanced           ;
; Carry Chain Length                                                              ; 70                 ; 70                 ;
; Auto Carry Chains                                                               ; On                 ; On                 ;
; Auto Open-Drain Pins                                                            ; On                 ; On                 ;
; Perform WYSIWYG Primitive Resynthesis                                           ; Off                ; Off                ;
; Auto ROM Replacement                                                            ; On                 ; On                 ;
; Auto RAM Replacement                                                            ; On                 ; On                 ;
; Auto DSP Block Replacement                                                      ; On                 ; On                 ;
; Auto Shift Register Replacement                                                 ; Auto               ; Auto               ;
; Allow Shift Register Merging across Hierarchies                                 ; Auto               ; Auto               ;
; Auto Clock Enable Replacement                                                   ; On                 ; On                 ;
; Strict RAM Replacement                                                          ; Off                ; Off                ;
; Allow Synchronous Control Signals                                               ; On                 ; On                 ;
; Force Use of Synchronous Clear Signals                                          ; Off                ; Off                ;
; Auto Resource Sharing                                                           ; Off                ; Off                ;
; Allow Any RAM Size For Recognition                                              ; Off                ; Off                ;
; Allow Any ROM Size For Recognition                                              ; Off                ; Off                ;
; Allow Any Shift Register Size For Recognition                                   ; Off                ; Off                ;
; Use LogicLock Constraints during Resource Balancing                             ; On                 ; On                 ;
; Ignore translate_off and synthesis_off directives                               ; Off                ; Off                ;
; Timing-Driven Synthesis                                                         ; On                 ; On                 ;
; Report Parameter Settings                                                       ; On                 ; On                 ;
; Report Source Assignments                                                       ; On                 ; On                 ;
; Report Connectivity Checks                                                      ; On                 ; On                 ;
; Ignore Maximum Fan-Out Assignments                                              ; Off                ; Off                ;
; Synchronization Register Chain Length                                           ; 3                  ; 3                  ;
; PowerPlay Power Optimization During Synthesis                                   ; Normal compilation ; Normal compilation ;
; HDL message level                                                               ; Level2             ; Level2             ;
; Suppress Register Optimization Related Messages                                 ; Off                ; Off                ;
; Number of Removed Registers Reported in Synthesis Report                        ; 5000               ; 5000               ;
; Number of Swept Nodes Reported in Synthesis Report                              ; 5000               ; 5000               ;
; Number of Inverted Registers Reported in Synthesis Report                       ; 100                ; 100                ;
; Clock MUX Protection                                                            ; On                 ; On                 ;
; Auto Gated Clock Conversion                                                     ; Off                ; Off                ;
; Block Design Naming                                                             ; Auto               ; Auto               ;
; SDC constraint protection                                                       ; Off                ; Off                ;
; Synthesis Effort                                                                ; Auto               ; Auto               ;
; Shift Register Replacement - Allow Asynchronous Clear Signal                    ; On                 ; On                 ;
; Pre-Mapping Resynthesis Optimization                                            ; Off                ; Off                ;
; Analysis & Synthesis Message Level                                              ; Medium             ; Medium             ;
; Disable Register Merging Across Hierarchies                                     ; Auto               ; Auto               ;
; Resource Aware Inference For Block RAM                                          ; On                 ; On                 ;
; Automatic Parallel Synthesis                                                    ; On                 ; On                 ;
; Partial Reconfiguration Bitstream ID                                            ; Off                ; Off                ;
+---------------------------------------------------------------------------------+--------------------+--------------------+


+------------------------------------------+
; Parallel Compilation                     ;
+----------------------------+-------------+
; Processors                 ; Number      ;
+----------------------------+-------------+
; Number detected on machine ; 20          ;
; Maximum allowed            ; 10          ;
;                            ;             ;
; Average used               ; 1.00        ;
; Maximum used               ; 1           ;
;                            ;             ;
; Usage by Processor         ; % Time Used ;
;     Processor 1            ; 100.0%      ;
+----------------------------+-------------+


+-------------------------------+
; Analysis & Synthesis Messages ;
+-------------------------------+
Info: *******************************************************************
Info: Running Quartus Prime Analysis & Synthesis
    Info: Version 17.0.0 Build 595 04/25/2017 SJ Lite Edition
    Info: Processing started: Wed Dec 07 14:36:34 2022
Info: Command: quartus_map --read_settings_files=on --write_settings_files=off DE1_SoC -c DE1_SoC
Info (20030): Parallel compilation is enabled and will use 10 of the 10 processors detected
Info (12021): Found 1 design units, including 1 entities, in source file adder64.sv
    Info (12023): Found entity 1: Adder64 File: C:/Users/Alan/iCloudDrive/Documents/UW/EE469/Lab4_files/Adder64.sv Line: 1
Info (12021): Found 2 design units, including 2 entities, in source file lshifter_2.sv
    Info (12023): Found entity 1: lshifter_2 File: C:/Users/Alan/iCloudDrive/Documents/UW/EE469/Lab4_files/lshifter_2.sv Line: 2
    Info (12023): Found entity 2: lshifter_2_testbench File: C:/Users/Alan/iCloudDrive/Documents/UW/EE469/Lab4_files/lshifter_2.sv Line: 20
Info (12021): Found 1 design units, including 1 entities, in source file sscpu.sv
    Info (12023): Found entity 1: SSCPU File: C:/Users/Alan/iCloudDrive/Documents/UW/EE469/Lab4_files/SSCPU.sv Line: 5
Info (12021): Found 1 design units, including 1 entities, in source file controller.sv
    Info (12023): Found entity 1: controller File: C:/Users/Alan/iCloudDrive/Documents/UW/EE469/Lab4_files/controller.sv Line: 3
Info (12021): Found 1 design units, including 1 entities, in source file regfile.sv
    Info (12023): Found entity 1: regfile File: C:/Users/Alan/iCloudDrive/Documents/UW/EE469/Lab4_files/regfile.sv Line: 3
Info (12021): Found 2 design units, including 2 entities, in source file mux32_1.sv
    Info (12023): Found entity 1: mux32_1 File: C:/Users/Alan/iCloudDrive/Documents/UW/EE469/Lab4_files/mux32_1.sv Line: 2
    Info (12023): Found entity 2: mux32_1_testbench File: C:/Users/Alan/iCloudDrive/Documents/UW/EE469/Lab4_files/mux32_1.sv Line: 16
Info (12021): Found 2 design units, including 2 entities, in source file mux16_1.sv
    Info (12023): Found entity 1: mux16_1 File: C:/Users/Alan/iCloudDrive/Documents/UW/EE469/Lab4_files/mux16_1.sv Line: 2
    Info (12023): Found entity 2: mux16_1_testbench File: C:/Users/Alan/iCloudDrive/Documents/UW/EE469/Lab4_files/mux16_1.sv Line: 16
Info (12021): Found 2 design units, including 2 entities, in source file mux8_1.sv
    Info (12023): Found entity 1: mux8_1 File: C:/Users/Alan/iCloudDrive/Documents/UW/EE469/Lab4_files/mux8_1.sv Line: 3
    Info (12023): Found entity 2: mux8_1_testbench File: C:/Users/Alan/iCloudDrive/Documents/UW/EE469/Lab4_files/mux8_1.sv Line: 15
Info (12021): Found 2 design units, including 2 entities, in source file mux4_1.sv
    Info (12023): Found entity 1: mux4_1 File: C:/Users/Alan/iCloudDrive/Documents/UW/EE469/Lab4_files/mux4_1.sv Line: 3
    Info (12023): Found entity 2: mux4_1_testbench File: C:/Users/Alan/iCloudDrive/Documents/UW/EE469/Lab4_files/mux4_1.sv Line: 15
Info (12021): Found 2 design units, including 2 entities, in source file mux2_1.sv
    Info (12023): Found entity 1: mux2_1 File: C:/Users/Alan/iCloudDrive/Documents/UW/EE469/Lab4_files/mux2_1.sv Line: 3
    Info (12023): Found entity 2: mux2_1_testbench File: C:/Users/Alan/iCloudDrive/Documents/UW/EE469/Lab4_files/mux2_1.sv Line: 18
Info (12021): Found 1 design units, including 1 entities, in source file mux2_1p.sv
    Info (12023): Found entity 1: mux2_1p File: C:/Users/Alan/iCloudDrive/Documents/UW/EE469/Lab4_files/mux2_1p.sv Line: 1
Info (12021): Found 2 design units, including 2 entities, in source file decoder32_5.sv
    Info (12023): Found entity 1: Decoder32_5 File: C:/Users/Alan/iCloudDrive/Documents/UW/EE469/Lab4_files/Decoder32_5.sv Line: 2
    Info (12023): Found entity 2: Decoder32_5_testbench File: C:/Users/Alan/iCloudDrive/Documents/UW/EE469/Lab4_files/Decoder32_5.sv Line: 29
Info (12021): Found 2 design units, including 2 entities, in source file decoder8_3.sv
    Info (12023): Found entity 1: Decoder8_3 File: C:/Users/Alan/iCloudDrive/Documents/UW/EE469/Lab4_files/Decoder8_3.sv Line: 2
    Info (12023): Found entity 2: Decoder8_3_testbench File: C:/Users/Alan/iCloudDrive/Documents/UW/EE469/Lab4_files/Decoder8_3.sv Line: 25
Info (12021): Found 1 design units, including 1 entities, in source file d_ff.sv
    Info (12023): Found entity 1: D_FF File: C:/Users/Alan/iCloudDrive/Documents/UW/EE469/Lab4_files/D_FF.sv Line: 1
Info (12021): Found 1 design units, including 1 entities, in source file oneregister.sv
    Info (12023): Found entity 1: oneRegister File: C:/Users/Alan/iCloudDrive/Documents/UW/EE469/Lab4_files/oneRegister.sv Line: 1
Info (12021): Found 2 design units, including 2 entities, in source file instructmem.sv
    Info (12023): Found entity 1: instructmem File: C:/Users/Alan/iCloudDrive/Documents/UW/EE469/Lab4_files/instructmem.sv Line: 22
    Info (12023): Found entity 2: instructmem_testbench File: C:/Users/Alan/iCloudDrive/Documents/UW/EE469/Lab4_files/instructmem.sv Line: 62
Info (12021): Found 2 design units, including 2 entities, in source file datamem.sv
    Info (12023): Found entity 1: datamem File: C:/Users/Alan/iCloudDrive/Documents/UW/EE469/Lab4_files/datamem.sv Line: 12
    Info (12023): Found entity 2: datamem_testbench File: C:/Users/Alan/iCloudDrive/Documents/UW/EE469/Lab4_files/datamem.sv Line: 70
Info (12021): Found 1 design units, including 1 entities, in source file full_adder.sv
    Info (12023): Found entity 1: full_Adder File: C:/Users/Alan/iCloudDrive/Documents/UW/EE469/Lab4_files/full_Adder.sv Line: 5
Info (12021): Found 2 design units, including 2 entities, in source file adder_subtracter.sv
    Info (12023): Found entity 1: adder_subtracter File: C:/Users/Alan/iCloudDrive/Documents/UW/EE469/Lab4_files/adder_subtracter.sv Line: 7
    Info (12023): Found entity 2: adder_subtracter_testbench File: C:/Users/Alan/iCloudDrive/Documents/UW/EE469/Lab4_files/adder_subtracter.sv Line: 42
Info (12021): Found 1 design units, including 1 entities, in source file alu.sv
    Info (12023): Found entity 1: alu File: C:/Users/Alan/iCloudDrive/Documents/UW/EE469/Lab4_files/alu.sv Line: 19
Info (12021): Found 1 design units, including 1 entities, in source file ze12_64.sv
    Info (12023): Found entity 1: ZE12_64 File: C:/Users/Alan/iCloudDrive/Documents/UW/EE469/Lab4_files/ZE12_64.sv Line: 2
Info (12021): Found 1 design units, including 1 entities, in source file se9_64.sv
    Info (12023): Found entity 1: SE9_64 File: C:/Users/Alan/iCloudDrive/Documents/UW/EE469/Lab4_files/SE9_64.sv Line: 2
Info (12021): Found 1 design units, including 1 entities, in source file condcheck.sv
    Info (12023): Found entity 1: condCheck File: C:/Users/Alan/iCloudDrive/Documents/UW/EE469/Lab4_files/condCheck.sv Line: 2
Info (12021): Found 1 design units, including 1 entities, in source file shifterp.sv
    Info (12023): Found entity 1: shifterP File: C:/Users/Alan/iCloudDrive/Documents/UW/EE469/Lab4_files/shifterP.sv Line: 2
Info (12021): Found 1 design units, including 1 entities, in source file reg_p.sv
    Info (12023): Found entity 1: reg_p File: C:/Users/Alan/iCloudDrive/Documents/UW/EE469/Lab4_files/reg_p.sv Line: 2
Info (12021): Found 1 design units, including 1 entities, in source file zero_test.sv
    Info (12023): Found entity 1: zero_test File: C:/Users/Alan/iCloudDrive/Documents/UW/EE469/Lab4_files/zero_test.sv Line: 2
Info (12021): Found 1 design units, including 1 entities, in source file mux4_1p.sv
    Info (12023): Found entity 1: mux4_1p File: C:/Users/Alan/iCloudDrive/Documents/UW/EE469/Lab4_files/mux4_1p.sv Line: 1
Info (12021): Found 1 design units, including 1 entities, in source file forward_ctrl.sv
    Info (12023): Found entity 1: Forward_ctrl File: C:/Users/Alan/iCloudDrive/Documents/UW/EE469/Lab4_files/Forward_ctrl.sv Line: 1
Info (12021): Found 1 design units, including 1 entities, in source file sscpustim.sv
    Info (12023): Found entity 1: SSAPUstim File: C:/Users/Alan/iCloudDrive/Documents/UW/EE469/Lab4_files/SSCPUstim.sv Line: 5
Info (12127): Elaborating entity "SSCPU" for the top level hierarchy
Info (12128): Elaborating entity "reg_p" for hierarchy "reg_p:PcReg" File: C:/Users/Alan/iCloudDrive/Documents/UW/EE469/Lab4_files/SSCPU.sv Line: 60
Info (12128): Elaborating entity "mux2_1" for hierarchy "reg_p:PcReg|mux2_1:each1bRegister[0].mx" File: C:/Users/Alan/iCloudDrive/Documents/UW/EE469/Lab4_files/reg_p.sv Line: 11
Info (12128): Elaborating entity "D_FF" for hierarchy "reg_p:PcReg|D_FF:each1bRegister[0].regis" File: C:/Users/Alan/iCloudDrive/Documents/UW/EE469/Lab4_files/reg_p.sv Line: 12
Info (12128): Elaborating entity "instructmem" for hierarchy "instructmem:IM" File: C:/Users/Alan/iCloudDrive/Documents/UW/EE469/Lab4_files/SSCPU.sv Line: 61
Warning (10175): Verilog HDL warning at instructmem.sv(29): ignoring unsupported system task File: C:/Users/Alan/iCloudDrive/Documents/UW/EE469/Lab4_files/instructmem.sv Line: 29
Error (10170): Verilog HDL syntax error at test01_AddiB.arm(25) near text: _. Check for and fix any syntax errors that appear immediately before or at the specified keyword. The Intel FPGA Knowledge Database contains many articles with specific details on how to resolve this error. Visit the Knowledge Database at https://www.altera.com/support/support-resources/knowledge-base/search.html and search for this specific error message number. File: C:/Users/Alan/iCloudDrive/Documents/UW/EE469/Lab4_files/benchmarks/test01_AddiB.arm Line: 25
Info (10648): Verilog HDL Display System Task info at instructmem.sv(48): Running benchmark:  File: C:/Users/Alan/iCloudDrive/Documents/UW/EE469/Lab4_files/instructmem.sv Line: 48
Error (12152): Can't elaborate user hierarchy "instructmem:IM" File: C:/Users/Alan/iCloudDrive/Documents/UW/EE469/Lab4_files/SSCPU.sv Line: 61
Info (144001): Generated suppressed messages file C:/Users/Alan/iCloudDrive/Documents/UW/EE469/Lab4_files/output_files/DE1_SoC.map.smsg
Error: Quartus Prime Analysis & Synthesis was unsuccessful. 2 errors, 1 warning
    Error: Peak virtual memory: 4778 megabytes
    Error: Processing ended: Wed Dec 07 14:36:41 2022
    Error: Elapsed time: 00:00:07
    Error: Total CPU time (on all processors): 00:00:05


+------------------------------------------+
; Analysis & Synthesis Suppressed Messages ;
+------------------------------------------+
The suppressed messages can be found in C:/Users/Alan/iCloudDrive/Documents/UW/EE469/Lab4_files/output_files/DE1_SoC.map.smsg.


